<?xml version="1.0" encoding="UTF-8"?>
<!-- Generated by org.testng.reporters.JUnitReportReporter -->
<testsuite hostname="DESKTOP-LJ7E6E5" failures="0" tests="1" name="driverFactory.DriverScript" time="54.904" errors="0" timestamp="2023-09-23T16:52:08 IST" skipped="0">
  <testcase classname="driverFactory.DriverScript" name="startTest" time="54.904">
    <system-out>
      <![CDATA[No of rows are::10
Login success::dashboard  http://orangehrm.qedgetech.com/symfony/web/index.php/dashboard
Login Failed::dashboard  http://orangehrm.qedgetech.com/symfony/web/index.php/auth/validateCredentials
Login Failed::dashboard  http://orangehrm.qedgetech.com/symfony/web/index.php/auth/validateCredentials
Login Failed::dashboard  http://orangehrm.qedgetech.com/symfony/web/index.php/auth/login
Login success::dashboard  http://orangehrm.qedgetech.com/symfony/web/index.php/dashboard
Login Failed::dashboard  http://orangehrm.qedgetech.com/symfony/web/index.php/auth/login
Login success::dashboard  http://orangehrm.qedgetech.com/symfony/web/index.php/dashboard
Login Failed::dashboard  http://orangehrm.qedgetech.com/symfony/web/index.php/auth/login
Login success::dashboard  http://orangehrm.qedgetech.com/symfony/web/index.php/dashboard
Login success::dashboard  http://orangehrm.qedgetech.com/symfony/web/index.php/dashboard]]>
    </system-out>
  </testcase> <!-- startTest -->
  <system-out>
    <![CDATA[No of rows are::10
Login success::dashboard  http://orangehrm.qedgetech.com/symfony/web/index.php/dashboard
Login Failed::dashboard  http://orangehrm.qedgetech.com/symfony/web/index.php/auth/validateCredentials
Login Failed::dashboard  http://orangehrm.qedgetech.com/symfony/web/index.php/auth/validateCredentials
Login Failed::dashboard  http://orangehrm.qedgetech.com/symfony/web/index.php/auth/login
Login success::dashboard  http://orangehrm.qedgetech.com/symfony/web/index.php/dashboard
Login Failed::dashboard  http://orangehrm.qedgetech.com/symfony/web/index.php/auth/login
Login success::dashboard  http://orangehrm.qedgetech.com/symfony/web/index.php/dashboard
Login Failed::dashboard  http://orangehrm.qedgetech.com/symfony/web/index.php/auth/login
Login success::dashboard  http://orangehrm.qedgetech.com/symfony/web/index.php/dashboard
Login success::dashboard  http://orangehrm.qedgetech.com/symfony/web/index.php/dashboard]]>
  </system-out>
</testsuite> <!-- driverFactory.DriverScript -->
